Backup of data directory... 
Migrating 'CORBA_PROJET' model ...

The 'CORBA_PROJET' model will be migrated:
   from: Standard v1.0.9022
   to:   Standard v2.0.00
with the following steps:
  - from 'Standard v1.0.9022' to 'Standard v2.0.00' 


Migrating 'CORBA_PROJET' model toward 'Standard v2.0.00' metamodel ...
Rebuilding 'CORBA_PROJET' indexes...
 Running 'MigratorFrom35' migrator ... 
  Transmuted 'include'{00000000-0000-9c49-0000-000000000000} Standard.Stereotype *Deleted* to 'include'{e4eba876-f0df-4a80-93af-b58b034cc7c3} Infrastructure.Stereotype (reidentification scheduled).
  Transmuted 'system'{01ec1ac4-0000-2f09-0000-000000000000} Standard.Stereotype *Deleted* to 'system'{ad66c7fb-9ebd-4ac4-815b-fe8988a6aa2e} Infrastructure.Stereotype (reidentification scheduled).
  Transmuted ''{b13c8d25-b17f-4a02-ab65-3739bb3fed7c} Standard.Note *Deleted* to ''{6aa7b8ec-1277-4a19-be88-fbbdd692051d} Infrastructure.Note (reidentification scheduled).
  Transmuted ''{0efb5e86-5b1d-4628-8072-69841dccf46e} Standard.Note *Deleted* to ''{afdd5a8c-6d1a-4314-ae4b-99f624d87afe} Infrastructure.Note (reidentification scheduled).
  Transmuted ''{257504c9-7dbb-4c6a-8552-13c45130860f} Standard.Note *Deleted* to ''{03070ab1-a0c8-45fc-879f-4e92fdc60128} Infrastructure.Note (reidentification scheduled).
  Transmuted ''{83e3e5ed-1c47-4abf-842b-fba4ddd287a9} Standard.Note *Deleted* to ''{e7233ee4-790c-4e52-b4bd-14e5d8f3caa0} Infrastructure.Note (reidentification scheduled).
  Transmuted ''{6b48f6b8-8b8f-4dee-ab82-d68163a42e73} Standard.Note *Deleted* to ''{6152e714-52a1-4cab-9d29-787dcc92ec22} Infrastructure.Note (reidentification scheduled).
  Transmuted ''{878eb5e2-986d-4726-8279-a8aa18417c38} Standard.Note *Deleted* to ''{a4bbede7-d5cb-484c-8a97-0909653b3ea8} Infrastructure.Note (reidentification scheduled).
  Transmuted ''{22bd40b6-0280-4158-a93c-46c17b1e777f} Standard.Note *Deleted* to ''{600741b1-2679-478c-9971-692cdb77538e} Infrastructure.Note (reidentification scheduled).
  Transmuted ''{afcbb02a-2aaa-4e3c-85fd-d904d49b61fe} Standard.Note *Deleted* to ''{c45497f8-6ecb-4445-9366-c0c2d8192b53} Infrastructure.Note (reidentification scheduled).
  Transmuted ''{50ccf2c1-08dc-44ed-8f76-7db9d051db7c} Standard.Note *Deleted* to ''{75981a7b-1974-4cfb-8338-b879c0f56ff0} Infrastructure.Note (reidentification scheduled).
  Transmuted ''{2dbf2e52-d0ba-41da-a313-e8c7a55d41e2} Standard.Note *Deleted* to ''{ee62523b-b30f-4f1e-8bfa-66c9c463a301} Infrastructure.Note (reidentification scheduled).
  Transmuted ''{91b21f7d-ec71-4ecd-8a1b-aa17bbbcd2ba} Standard.Note *Deleted* to ''{3cde0159-082e-44f8-83c3-5b190f533a0d} Infrastructure.Note (reidentification scheduled).
  Transmuted ''{58d35b5e-8b01-4615-8451-fbd2880e1044} Standard.Note *Deleted* to ''{f3573ddb-b119-4004-9dac-2473dc067e45} Infrastructure.Note (reidentification scheduled).
  Transmuted ''{60beb807-0b6f-462a-8e92-508aa8790b7a} Standard.Note *Deleted* to ''{cf7a853e-96cf-42de-a632-5fee3db7592f} Infrastructure.Note (reidentification scheduled).
  Transmuted ''{bf944a61-3368-4720-b178-d814dd3b4da4} Standard.Note *Deleted* to ''{f77affee-d064-4293-8787-21cade97e1f7} Infrastructure.Note (reidentification scheduled).
  Transmuted ''{39d3158f-d4f6-4ab6-afbb-ce9f040670ea} Standard.Note *Deleted* to ''{b9b44de7-7ac7-4e36-bdc9-0f6fb9519756} Infrastructure.Note (reidentification scheduled).
  Transmuted ''{d636df2a-3017-4d04-b2c6-53ed03d5a9d4} Standard.Note *Deleted* to ''{e66c59d9-0d02-4492-8cdb-5faf1503c059} Infrastructure.Note (reidentification scheduled).
  Transmuted ''{befe7dfa-c3d2-41ba-aa10-f56af46a12e6} Standard.Note *Deleted* to ''{914b0e1d-25d3-404c-8fab-695a345caf7a} Infrastructure.Note (reidentification scheduled).
  Transmuted ''{d9f9087e-e292-49c3-82fa-bb9160640288} Standard.Note *Deleted* to ''{ebda9190-fc1c-4eab-9f17-a99d9f18c965} Infrastructure.Note (reidentification scheduled).
  Transmuted ''{4399462f-a18c-4f9e-a769-0358764b2f6e} Standard.Note *Deleted* to ''{a29e6ab0-ad12-4cde-adf0-1a759ab3402e} Infrastructure.Note (reidentification scheduled).
  Transmuted ''{bcd5765a-6196-463f-9517-3e445f61bd55} Standard.Note *Deleted* to ''{951da1e6-31f1-48e4-a08a-3f1beaf9b95f} Infrastructure.Note (reidentification scheduled).
  Transmuted ''{4650cea6-c5f6-411e-a074-0c6e8d9da734} Standard.Note *Deleted* to ''{398959f2-fb07-4ab0-8384-8d0f13de76ae} Infrastructure.Note (reidentification scheduled).
  Transmuted ''{db6dd8e8-2739-458f-98d3-80403fc8cfb1} Standard.Note *Deleted* to ''{ca648eda-eefa-48c7-9733-b41c9f019815} Infrastructure.Note (reidentification scheduled).
  Transmuted ''{e8f079bf-b2b3-4123-b302-c9808c69c9aa} Standard.Note *Deleted* to ''{aedbd769-e841-44c6-902e-5e945d0e751e} Infrastructure.Note (reidentification scheduled).
  Transmuted ''{bd07193d-b616-40af-90ac-59081acee90d} Standard.Note *Deleted* to ''{a13548d2-dbce-4364-bcc6-a23e8e2e90be} Infrastructure.Note (reidentification scheduled).
  Transmuted ''{df0999b1-18bf-45db-83d9-d1e8e5702086} Standard.Note *Deleted* to ''{572237c2-e491-44ab-90e8-92ff69820c47} Infrastructure.Note (reidentification scheduled).
  Transmuted ''{b9a29b2a-e184-4164-9054-28e0a6a16311} Standard.Note *Deleted* to ''{03d3d18b-4d50-447c-8564-dda5662ac42e} Infrastructure.Note (reidentification scheduled).
  Transmuted ''{6e45ee84-fb08-4826-a73c-797d10c8238f} Standard.Note *Deleted* to ''{c4ab47d1-eba8-44b2-b79e-8e07682661c8} Infrastructure.Note (reidentification scheduled).
  Transmuted ''{3eb4f461-7546-455a-986b-36aafa69d6b8} Standard.Note *Deleted* to ''{1362b85c-7e42-4ddc-b899-bf84c358ccfb} Infrastructure.Note (reidentification scheduled).
  Transmuted ''{75e42274-b46e-4ff4-b542-d0fd908159ba} Standard.Note *Deleted* to ''{869b2fb7-a5d8-4852-9566-063ae13244be} Infrastructure.Note (reidentification scheduled).
  Transmuted ''{3687b2a6-151d-4ad7-b7a1-226933706adc} Standard.Note *Deleted* to ''{621d8607-3c40-454a-8df3-57facf284d7d} Infrastructure.Note (reidentification scheduled).
  Transmuted ''{029f7e1b-7e25-401b-bc28-d89787a53ac0} Standard.Note *Deleted* to ''{ed664a62-05ba-4cbe-b942-f0cb6daac2d5} Infrastructure.Note (reidentification scheduled).
  Transmuted ''{4baa7b42-fa15-44f5-a829-4b56034b5f9c} Standard.Note *Deleted* to ''{16cc1f0a-8cca-44d5-9536-a78ae447dcee} Infrastructure.Note (reidentification scheduled).
  Transmuted ''{a59eb209-9b77-4185-8365-ce5988dbf43f} Standard.Note *Deleted* to ''{2198ce13-91d0-4d88-ae69-e27993f1adaf} Infrastructure.Note (reidentification scheduled).
  Transmuted ''{818cb259-5e97-4e5a-ae82-66d6289f79d2} Standard.Note *Deleted* to ''{e4ed53ce-7427-4668-9e11-66d924c0914a} Infrastructure.Note (reidentification scheduled).
  Transmuted ''{b0b0c9b5-813c-45ec-8b57-34c365838bc0} Standard.Note *Deleted* to ''{a8a6f99f-422b-4e0e-8123-82f7eca4aecd} Infrastructure.Note (reidentification scheduled).
  Transmuted ''{1ef53b93-ec0a-49ea-8e39-f49e5c7438b8} Standard.Note *Deleted* to ''{81331d86-923e-48b6-858f-86f2ffdf4f1d} Infrastructure.Note (reidentification scheduled).
  Transmuted ''{ea2acc3b-43e6-4eea-9792-12e4303b73a4} Standard.Note *Deleted* to ''{f34bfdbf-0a8b-4de2-8f33-f54d02e2c1d4} Infrastructure.Note (reidentification scheduled).
  Transmuted ''{d3a160be-929b-4a3f-bf10-cb50c1901d90} Standard.Note *Deleted* to ''{2bf4d0be-b262-4590-bae4-388ba98053fb} Infrastructure.Note (reidentification scheduled).
  Transmuted ''{6f01a05e-1cbe-46ca-a942-46fd77e14ea6} Standard.Note *Deleted* to ''{380cafc5-54f2-4097-bb54-2d452127110a} Infrastructure.Note (reidentification scheduled).
  Transmuted ''{66a77777-1f1d-4494-99cd-d6f2f1f59d95} Standard.Note *Deleted* to ''{d6b9ec70-c59c-4f00-b03f-3faa98f33d7e} Infrastructure.Note (reidentification scheduled).
  Transmuted ''{8498c7f6-2042-4665-a671-10dc3b9286b6} Standard.Note *Deleted* to ''{a2b0b09c-6b4a-4e07-b06b-01b42e035daa} Infrastructure.Note (reidentification scheduled).
  Transmuted ''{9820e90f-f308-4645-a158-ac91a9d0ad4e} Standard.Note *Deleted* to ''{45248683-2f21-492a-a600-cd1cf226f7a2} Infrastructure.Note (reidentification scheduled).
  Transmuted ''{30a03e9e-3c11-4378-a119-be5833c3e4d3} Standard.Note *Deleted* to ''{ed76148c-2b68-4fd1-8668-8d77e1f5a59b} Infrastructure.Note (reidentification scheduled).
  Transmuted ''{3c7e9a0d-c29d-4ab4-a801-757db1fee7e3} Standard.Note *Deleted* to ''{207623bc-ef82-4c0f-b72c-a15811f9ec53} Infrastructure.Note (reidentification scheduled).
  Transmuted ''{3b416e2c-f564-40d0-8ae2-f96866efecbe} Standard.Note *Deleted* to ''{e52c6035-9cc1-49e0-a134-715d68a5ba06} Infrastructure.Note (reidentification scheduled).
  Transmuted ''{845d4e9d-303b-43bb-8bc2-cf8ea2f5c3ea} Standard.Note *Deleted* to ''{146150dc-be4d-44bf-aa61-df48195479e3} Infrastructure.Note (reidentification scheduled).
  Transmuted ''{12e86ac7-9aab-4107-826e-6ae8c508c76c} Standard.Note *Deleted* to ''{7811266c-c8ec-46a3-8b5c-cb00635e91d7} Infrastructure.Note (reidentification scheduled).
  Transmuted ''{7bebb6d3-492e-44f3-8354-27ba983a3837} Standard.Note *Deleted* to ''{aaa2eb87-8a2e-47ef-9e0a-ace7bc3e747c} Infrastructure.Note (reidentification scheduled).
  Transmuted ''{f4b4d092-1bde-4aba-923a-6145788fc3d4} Standard.Note *Deleted* to ''{a363ef96-7a84-4700-83aa-bd57ed2e5283} Infrastructure.Note (reidentification scheduled).
  Transmuted ''{6448dc4f-f496-452d-b351-5183862e8cb6} Standard.Note *Deleted* to ''{35c9b1a6-a653-40cd-9da5-7341e91916c4} Infrastructure.Note (reidentification scheduled).
  Transmuted ''{3034ad0c-9db5-4bc5-b527-7e1fe93b9d70} Standard.Note *Deleted* to ''{d52329cd-524f-4b84-8e10-abfc22df65e7} Infrastructure.Note (reidentification scheduled).
  Transmuted ''{1ebfec7a-b50d-40d8-9da4-0d2d4330d630} Standard.Note *Deleted* to ''{778a26af-b3dd-4912-895d-8cdb1e9e4fa4} Infrastructure.Note (reidentification scheduled).
  Transmuted ''{2d4dbe2e-ce7d-4b53-9225-aed7ba767e7f} Standard.Note *Deleted* to ''{6a037c8b-817b-4e6c-86b6-6fb2745ae8bc} Infrastructure.Note (reidentification scheduled).
  Transmuted ''{d7a85559-f74a-49bb-8bd7-7e58560736e8} Standard.Note *Deleted* to ''{06529a0c-9923-4860-9e52-29f928554be4} Infrastructure.Note (reidentification scheduled).
  Transmuted ''{e144795f-c0dc-4dd4-82d3-af3bc7285d10} Standard.Note *Deleted* to ''{3e83e640-b7db-4cca-8a6e-2056a45cf1bd} Infrastructure.Note (reidentification scheduled).
  Transmuted ''{99e1053c-4753-407b-9a53-bdc8586cb592} Standard.Note *Deleted* to ''{b0886f18-fe92-436a-b784-e9805ec73651} Infrastructure.Note (reidentification scheduled).
  Transmuted ''{123f1297-afe8-45a9-8eda-dae669d995d4} Standard.Note *Deleted* to ''{36bec1e2-ca04-4b82-9931-9c69ea716fb0} Infrastructure.Note (reidentification scheduled).
  Transmuted ''{9816c633-6e0f-42af-bc2b-69d3e9791cac} Standard.Note *Deleted* to ''{6957fc28-ec2b-4920-b39c-53734701a7bf} Infrastructure.Note (reidentification scheduled).
  Transmuted ''{699f50cb-fad3-4c1b-969f-d791fc34650b} Standard.Note *Deleted* to ''{5f66ccd1-57e6-4f46-a955-088533251b0d} Infrastructure.Note (reidentification scheduled).
  Transmuted ''{c21de3c0-00b8-4a85-b694-503323d73ee3} Standard.Note *Deleted* to ''{f45cd814-c66d-49ee-abdf-78f518f42980} Infrastructure.Note (reidentification scheduled).
  Transmuted ''{f1a7f029-cd91-4076-aab9-1b301c93e694} Standard.Note *Deleted* to ''{5f57d2ee-6319-40a5-81ee-8b45e014740b} Infrastructure.Note (reidentification scheduled).
  Transmuted ''{5dc8812d-b9b3-404b-9bdd-9ad6899df471} Standard.Note *Deleted* to ''{f4698bf8-c000-4f62-85bd-11b60e15af3f} Infrastructure.Note (reidentification scheduled).
  Transmuted ''{0f4f3588-2652-4ddc-8c4f-c4dd181a04e4} Standard.Note *Deleted* to ''{68402f37-bb59-474b-8f78-b0e58ac92ea9} Infrastructure.Note (reidentification scheduled).
  Transmuted ''{c77fd01e-dbc3-43da-8b5a-1c2ef25a48ba} Standard.Note *Deleted* to ''{4bcaa99a-bac3-4278-845e-eb48fe2e0889} Infrastructure.Note (reidentification scheduled).
  Transmuted ''{6b7a1b18-0aa4-43e8-8fef-675fe67acd95} Standard.Note *Deleted* to ''{ac30115a-dd2b-452b-95bd-1fde8d4466c4} Infrastructure.Note (reidentification scheduled).
  Transmuted ''{f0a58f5b-3885-4420-a026-1e7e0d654b70} Standard.Note *Deleted* to ''{6fc1e518-7b0a-49ec-af49-8232ca01c401} Infrastructure.Note (reidentification scheduled).
  Transmuted ''{8b9c8555-1fc8-417c-8d8f-7161303e23d1} Standard.Note *Deleted* to ''{60e9ce8f-d30a-4192-b707-a4dbd9dfb0ad} Infrastructure.Note (reidentification scheduled).
  Transmuted ''{3e45ec68-ea27-4a6a-a751-acc2fe8894e8} Standard.Note *Deleted* to ''{84251d41-91c9-425b-8475-d2e1b9990131} Infrastructure.Note (reidentification scheduled).
  Transmuted ''{5783b22f-1593-40cf-8173-22215248abfd} Standard.Note *Deleted* to ''{4260970c-7edf-4003-8686-56c76efaa52f} Infrastructure.Note (reidentification scheduled).
  Transmuted ''{69c859f4-f491-4cda-942f-a4c1359a790d} Standard.Note *Deleted* to ''{54ff8d67-4188-4662-9d13-8f9e247dd7c2} Infrastructure.Note (reidentification scheduled).
  Transmuted ''{dfa8071c-4936-4f2f-ac1c-902a94861161} Standard.Note *Deleted* to ''{98f44ab4-2958-49ed-a40c-20106fa6f9a1} Infrastructure.Note (reidentification scheduled).
  Transmuted ''{cdb4b1c2-7e24-4cad-b729-e4c543691f2f} Standard.Note *Deleted* to ''{458c2a79-0717-42ca-8462-706d45e28259} Infrastructure.Note (reidentification scheduled).
  Transmuted ''{d5870f4c-9a46-4e96-9c3e-4b5450a72b13} Standard.Note *Deleted* to ''{79aa21f6-4a16-4ffc-82a7-4255bcb8d447} Infrastructure.Note (reidentification scheduled).
  Transmuted ''{0ef0664f-f635-415d-9701-3cc0f905191a} Standard.Note *Deleted* to ''{77a17433-361b-48df-98c3-f8940d46eda1} Infrastructure.Note (reidentification scheduled).
  Transmuted ''{f8db4f7c-a2a9-4a18-83d3-9f5977748652} Standard.Note *Deleted* to ''{83fabf54-038a-42b3-aa22-835fbf30f888} Infrastructure.Note (reidentification scheduled).
  Transmuted ''{eadea401-2f69-48de-b00b-265d35d5ab97} Standard.Note *Deleted* to ''{b0c85a7a-eb2b-4c93-8189-abb3bcd4d3a5} Infrastructure.Note (reidentification scheduled).
  Transmuted ''{95377a7f-6537-4786-ab20-5538bfcfe687} Standard.Note *Deleted* to ''{d8112849-d353-47bf-adbf-99f88fb4f0a8} Infrastructure.Note (reidentification scheduled).
  Transmuted ''{ca45d61c-920d-4030-b10b-e10d4a89cce2} Standard.Note *Deleted* to ''{baaa547c-1a02-4906-b586-11c71f4c038c} Infrastructure.Note (reidentification scheduled).
  Transmuted ''{0bd654fe-7ec1-43fd-b16b-ee487402389f} Standard.Note *Deleted* to ''{c7dfab25-09da-447f-ba96-9d1c563f2ace} Infrastructure.Note (reidentification scheduled).
  Transmuted ''{8a00eaf7-08be-4e5b-abe8-801192364c77} Standard.Note *Deleted* to ''{626e8644-2d51-4628-bda5-ee3290009784} Infrastructure.Note (reidentification scheduled).
  Transmuted ''{844a0172-e5e7-4601-a96d-1d6cb9e5ea9e} Standard.Note *Deleted* to ''{f1168b39-1655-4217-875c-8d573a169a88} Infrastructure.Note (reidentification scheduled).
  Transmuted ''{60145866-8a92-429e-b6e2-43ad377f61fe} Standard.Note *Deleted* to ''{bab83a0e-3e0b-46e8-a1fc-e89810c235db} Infrastructure.Note (reidentification scheduled).
  Transmuted ''{bae05a7a-1643-4c16-8130-84c1a689a5e1} Standard.Note *Deleted* to ''{a3d8e694-b7a6-4954-bb96-d634e11e0eb3} Infrastructure.Note (reidentification scheduled).
  Transmuted ''{87ed7b53-aed6-472d-b54b-df47ac99c48a} Standard.Note *Deleted* to ''{210e9572-127d-4856-a0e9-17dd18e39d97} Infrastructure.Note (reidentification scheduled).
  Transmuted ''{f4b54908-0404-476f-b82a-bccac904ca73} Standard.Note *Deleted* to ''{4b620b26-004a-482c-90ca-60409018f828} Infrastructure.Note (reidentification scheduled).
  Transmuted ''{d122f0e2-f629-4ace-a56a-a5950237a666} Standard.Note *Deleted* to ''{b63f122b-d922-49c6-bc73-098eb22e22ce} Infrastructure.Note (reidentification scheduled).
  Transmuted ''{54c44e89-dd86-4be9-8de9-796b864bbbb7} Standard.Note *Deleted* to ''{61aad2fe-3ac2-4a43-9038-ce0e1b615dc6} Infrastructure.Note (reidentification scheduled).
  Transmuted ''{c2a19fcc-550d-468b-bb1b-0c1899f72d50} Standard.Note *Deleted* to ''{b87df54b-73f6-4c52-a747-b1a4515869e2} Infrastructure.Note (reidentification scheduled).
  Transmuted ''{d45598a8-d073-44d4-b1ad-7601fb632fb4} Standard.Note *Deleted* to ''{62f37ef4-ea0a-4f59-b76f-b0ff6057cc41} Infrastructure.Note (reidentification scheduled).
  Transmuted ''{85ec7cca-6bdd-4bfb-980e-a344781f5b34} Standard.Note *Deleted* to ''{406a4be1-7cc4-41dc-a834-9d84c3829cd4} Infrastructure.Note (reidentification scheduled).
  Transmuted 'constraint'{00bc0b8c-0000-251b-0000-000000000000} Standard.NoteType *Deleted* to 'constraint'{faacf770-43ee-43a2-b59c-a306481c6623} Infrastructure.NoteType (reidentification scheduled).
  Transmuted 'precondition'{00bc0b8c-0000-2515-0000-000000000000} Standard.NoteType *Deleted* to 'precondition'{4d53ce13-951d-4d77-bdae-bcf1cf760ec4} Infrastructure.NoteType (reidentification scheduled).
  Transmuted 'exception'{00bc0b8c-0000-2519-0000-000000000000} Standard.NoteType *Deleted* to 'exception'{018d9896-bddb-41de-8504-478646bae876} Infrastructure.NoteType (reidentification scheduled).
  Transmuted 'postcondition'{00bc0b8c-0000-2517-0000-000000000000} Standard.NoteType *Deleted* to 'postcondition'{4b6a93c1-b98f-40f4-81a2-d631c8823f79} Infrastructure.NoteType (reidentification scheduled).
  Transmuted 'non-functional constraint'{00bc0c08-0000-242c-0000-000000000000} Standard.NoteType *Deleted* to 'non-functional constraint'{3719eb60-0453-43f2-ba97-85f525ecf35b} Infrastructure.NoteType (reidentification scheduled).
  Transmuted 'description'{00000000-0000-3e81-0000-000000000000} Standard.NoteType *Deleted* to 'description'{cefcb845-4d1e-4bac-a5ff-287ba3b60b55} Infrastructure.NoteType (reidentification scheduled).
  Transmuted 'LocalModule'{969ade51-95d3-45f7-b942-4f26c2156ec7} Standard.ModuleComponent *Deleted* to 'LocalModule'{b79a7d01-83d9-4cc0-8d8d-e62cafe82ad5} Infrastructure.ModuleComponent (reidentification scheduled).
  Transmuted 'CORBA_PROJET'{dcaa34c3-c815-43bc-a845-c60025659026} Standard.DiagramSet *Deleted* to 'CORBA_PROJET'{f817ce29-bfdd-4726-990a-54a9de2061a0} Infrastructure.DiagramSet (reidentification scheduled).
  Transmuted 'CORBA_PROJET'{38548296-8e37-4f9d-b0c3-dd5d63f9d46b} Standard.AnalystProject *Deleted* to 'CORBA_PROJET'{7d4648a9-6cbc-4271-9a05-ac2e6d0da872} Analyst.AnalystProject (reidentification scheduled).
  Transmuted 'LocalProfile'{437f2abf-497c-4a09-9662-7a0dd5ddadd8} Standard.Profile *Deleted* to 'LocalProfile'{f29e55f0-1e0f-4ebf-818a-dc0c63a8c385} Infrastructure.Profile (reidentification scheduled).

 Processing 3.5 Analyst property container...
 Found 1 property containers in 'CORBA_PROJET'{7d4648a9-6cbc-4271-9a05-ac2e6d0da872} Analyst.AnalystProject. 
   Found 0 property table definitions in 'CORBA_PROJET'{2037433f-bdd4-4b34-83f8-cbf2969f25e3} Standard.PropertyContainer. 
   Deleted obsolete 'CORBA_PROJET'{2037433f-bdd4-4b34-83f8-cbf2969f25e3} Standard.PropertyContainer *Deleted* from 'CORBA_PROJET'{7d4648a9-6cbc-4271-9a05-ac2e6d0da872} Analyst.AnalystProject. 
 Processed 3.5 Analyst property containers.
   WARN: 'include'{e4eba876-f0df-4a80-93af-b58b034cc7c3} Infrastructure.Stereotype Stereotype has no base metaclass.
   WARN: 'system'{ad66c7fb-9ebd-4ac4-815b-fe8988a6aa2e} Infrastructure.Stereotype Stereotype has no base metaclass.
 Process 102 scheduled reidentifications...
  Replaced 'include'{e4eba876-f0df-4a80-93af-b58b034cc7c3} Infrastructure.Stereotype *Deleted* by 'include'{00000000-0000-9c49-0000-000000000000} Infrastructure.Stereotype.
  Replaced 'system'{ad66c7fb-9ebd-4ac4-815b-fe8988a6aa2e} Infrastructure.Stereotype *Deleted* by 'system'{01ec1ac4-0000-2f09-0000-000000000000} Infrastructure.Stereotype.
  Replaced ''{6aa7b8ec-1277-4a19-be88-fbbdd692051d} Infrastructure.Note *Deleted* by ''{b13c8d25-b17f-4a02-ab65-3739bb3fed7c} Infrastructure.Note.
  Replaced ''{afdd5a8c-6d1a-4314-ae4b-99f624d87afe} Infrastructure.Note *Deleted* by ''{0efb5e86-5b1d-4628-8072-69841dccf46e} Infrastructure.Note.
  Replaced ''{03070ab1-a0c8-45fc-879f-4e92fdc60128} Infrastructure.Note *Deleted* by ''{257504c9-7dbb-4c6a-8552-13c45130860f} Infrastructure.Note.
  Replaced ''{e7233ee4-790c-4e52-b4bd-14e5d8f3caa0} Infrastructure.Note *Deleted* by ''{83e3e5ed-1c47-4abf-842b-fba4ddd287a9} Infrastructure.Note.
  Replaced ''{6152e714-52a1-4cab-9d29-787dcc92ec22} Infrastructure.Note *Deleted* by ''{6b48f6b8-8b8f-4dee-ab82-d68163a42e73} Infrastructure.Note.
  Replaced ''{a4bbede7-d5cb-484c-8a97-0909653b3ea8} Infrastructure.Note *Deleted* by ''{878eb5e2-986d-4726-8279-a8aa18417c38} Infrastructure.Note.
  Replaced ''{600741b1-2679-478c-9971-692cdb77538e} Infrastructure.Note *Deleted* by ''{22bd40b6-0280-4158-a93c-46c17b1e777f} Infrastructure.Note.
  Replaced ''{c45497f8-6ecb-4445-9366-c0c2d8192b53} Infrastructure.Note *Deleted* by ''{afcbb02a-2aaa-4e3c-85fd-d904d49b61fe} Infrastructure.Note.
  Replaced ''{75981a7b-1974-4cfb-8338-b879c0f56ff0} Infrastructure.Note *Deleted* by ''{50ccf2c1-08dc-44ed-8f76-7db9d051db7c} Infrastructure.Note.
  Replaced ''{ee62523b-b30f-4f1e-8bfa-66c9c463a301} Infrastructure.Note *Deleted* by ''{2dbf2e52-d0ba-41da-a313-e8c7a55d41e2} Infrastructure.Note.
  Replaced ''{3cde0159-082e-44f8-83c3-5b190f533a0d} Infrastructure.Note *Deleted* by ''{91b21f7d-ec71-4ecd-8a1b-aa17bbbcd2ba} Infrastructure.Note.
  Replaced ''{f3573ddb-b119-4004-9dac-2473dc067e45} Infrastructure.Note *Deleted* by ''{58d35b5e-8b01-4615-8451-fbd2880e1044} Infrastructure.Note.
  Replaced ''{cf7a853e-96cf-42de-a632-5fee3db7592f} Infrastructure.Note *Deleted* by ''{60beb807-0b6f-462a-8e92-508aa8790b7a} Infrastructure.Note.
  Replaced ''{f77affee-d064-4293-8787-21cade97e1f7} Infrastructure.Note *Deleted* by ''{bf944a61-3368-4720-b178-d814dd3b4da4} Infrastructure.Note.
  Replaced ''{b9b44de7-7ac7-4e36-bdc9-0f6fb9519756} Infrastructure.Note *Deleted* by ''{39d3158f-d4f6-4ab6-afbb-ce9f040670ea} Infrastructure.Note.
  Replaced ''{e66c59d9-0d02-4492-8cdb-5faf1503c059} Infrastructure.Note *Deleted* by ''{d636df2a-3017-4d04-b2c6-53ed03d5a9d4} Infrastructure.Note.
  Replaced ''{914b0e1d-25d3-404c-8fab-695a345caf7a} Infrastructure.Note *Deleted* by ''{befe7dfa-c3d2-41ba-aa10-f56af46a12e6} Infrastructure.Note.
  Replaced ''{ebda9190-fc1c-4eab-9f17-a99d9f18c965} Infrastructure.Note *Deleted* by ''{d9f9087e-e292-49c3-82fa-bb9160640288} Infrastructure.Note.
  Replaced ''{a29e6ab0-ad12-4cde-adf0-1a759ab3402e} Infrastructure.Note *Deleted* by ''{4399462f-a18c-4f9e-a769-0358764b2f6e} Infrastructure.Note.
  Replaced ''{951da1e6-31f1-48e4-a08a-3f1beaf9b95f} Infrastructure.Note *Deleted* by ''{bcd5765a-6196-463f-9517-3e445f61bd55} Infrastructure.Note.
  Replaced ''{398959f2-fb07-4ab0-8384-8d0f13de76ae} Infrastructure.Note *Deleted* by ''{4650cea6-c5f6-411e-a074-0c6e8d9da734} Infrastructure.Note.
  Replaced ''{ca648eda-eefa-48c7-9733-b41c9f019815} Infrastructure.Note *Deleted* by ''{db6dd8e8-2739-458f-98d3-80403fc8cfb1} Infrastructure.Note.
  Replaced ''{aedbd769-e841-44c6-902e-5e945d0e751e} Infrastructure.Note *Deleted* by ''{e8f079bf-b2b3-4123-b302-c9808c69c9aa} Infrastructure.Note.
  Replaced ''{a13548d2-dbce-4364-bcc6-a23e8e2e90be} Infrastructure.Note *Deleted* by ''{bd07193d-b616-40af-90ac-59081acee90d} Infrastructure.Note.
  Replaced ''{572237c2-e491-44ab-90e8-92ff69820c47} Infrastructure.Note *Deleted* by ''{df0999b1-18bf-45db-83d9-d1e8e5702086} Infrastructure.Note.
  Replaced ''{03d3d18b-4d50-447c-8564-dda5662ac42e} Infrastructure.Note *Deleted* by ''{b9a29b2a-e184-4164-9054-28e0a6a16311} Infrastructure.Note.
  Replaced ''{c4ab47d1-eba8-44b2-b79e-8e07682661c8} Infrastructure.Note *Deleted* by ''{6e45ee84-fb08-4826-a73c-797d10c8238f} Infrastructure.Note.
  Replaced ''{1362b85c-7e42-4ddc-b899-bf84c358ccfb} Infrastructure.Note *Deleted* by ''{3eb4f461-7546-455a-986b-36aafa69d6b8} Infrastructure.Note.
  Replaced ''{869b2fb7-a5d8-4852-9566-063ae13244be} Infrastructure.Note *Deleted* by ''{75e42274-b46e-4ff4-b542-d0fd908159ba} Infrastructure.Note.
  Replaced ''{621d8607-3c40-454a-8df3-57facf284d7d} Infrastructure.Note *Deleted* by ''{3687b2a6-151d-4ad7-b7a1-226933706adc} Infrastructure.Note.
  Replaced ''{ed664a62-05ba-4cbe-b942-f0cb6daac2d5} Infrastructure.Note *Deleted* by ''{029f7e1b-7e25-401b-bc28-d89787a53ac0} Infrastructure.Note.
  Replaced ''{16cc1f0a-8cca-44d5-9536-a78ae447dcee} Infrastructure.Note *Deleted* by ''{4baa7b42-fa15-44f5-a829-4b56034b5f9c} Infrastructure.Note.
  Replaced ''{2198ce13-91d0-4d88-ae69-e27993f1adaf} Infrastructure.Note *Deleted* by ''{a59eb209-9b77-4185-8365-ce5988dbf43f} Infrastructure.Note.
  Replaced ''{e4ed53ce-7427-4668-9e11-66d924c0914a} Infrastructure.Note *Deleted* by ''{818cb259-5e97-4e5a-ae82-66d6289f79d2} Infrastructure.Note.
  Replaced ''{a8a6f99f-422b-4e0e-8123-82f7eca4aecd} Infrastructure.Note *Deleted* by ''{b0b0c9b5-813c-45ec-8b57-34c365838bc0} Infrastructure.Note.
  Replaced ''{81331d86-923e-48b6-858f-86f2ffdf4f1d} Infrastructure.Note *Deleted* by ''{1ef53b93-ec0a-49ea-8e39-f49e5c7438b8} Infrastructure.Note.
  Replaced ''{f34bfdbf-0a8b-4de2-8f33-f54d02e2c1d4} Infrastructure.Note *Deleted* by ''{ea2acc3b-43e6-4eea-9792-12e4303b73a4} Infrastructure.Note.
  Replaced ''{2bf4d0be-b262-4590-bae4-388ba98053fb} Infrastructure.Note *Deleted* by ''{d3a160be-929b-4a3f-bf10-cb50c1901d90} Infrastructure.Note.
  Replaced ''{380cafc5-54f2-4097-bb54-2d452127110a} Infrastructure.Note *Deleted* by ''{6f01a05e-1cbe-46ca-a942-46fd77e14ea6} Infrastructure.Note.
  Replaced ''{d6b9ec70-c59c-4f00-b03f-3faa98f33d7e} Infrastructure.Note *Deleted* by ''{66a77777-1f1d-4494-99cd-d6f2f1f59d95} Infrastructure.Note.
  Replaced ''{a2b0b09c-6b4a-4e07-b06b-01b42e035daa} Infrastructure.Note *Deleted* by ''{8498c7f6-2042-4665-a671-10dc3b9286b6} Infrastructure.Note.
  Replaced ''{45248683-2f21-492a-a600-cd1cf226f7a2} Infrastructure.Note *Deleted* by ''{9820e90f-f308-4645-a158-ac91a9d0ad4e} Infrastructure.Note.
  Replaced ''{ed76148c-2b68-4fd1-8668-8d77e1f5a59b} Infrastructure.Note *Deleted* by ''{30a03e9e-3c11-4378-a119-be5833c3e4d3} Infrastructure.Note.
  Replaced ''{207623bc-ef82-4c0f-b72c-a15811f9ec53} Infrastructure.Note *Deleted* by ''{3c7e9a0d-c29d-4ab4-a801-757db1fee7e3} Infrastructure.Note.
  Replaced ''{e52c6035-9cc1-49e0-a134-715d68a5ba06} Infrastructure.Note *Deleted* by ''{3b416e2c-f564-40d0-8ae2-f96866efecbe} Infrastructure.Note.
  Replaced ''{146150dc-be4d-44bf-aa61-df48195479e3} Infrastructure.Note *Deleted* by ''{845d4e9d-303b-43bb-8bc2-cf8ea2f5c3ea} Infrastructure.Note.
  Replaced ''{7811266c-c8ec-46a3-8b5c-cb00635e91d7} Infrastructure.Note *Deleted* by ''{12e86ac7-9aab-4107-826e-6ae8c508c76c} Infrastructure.Note.
  Replaced ''{aaa2eb87-8a2e-47ef-9e0a-ace7bc3e747c} Infrastructure.Note *Deleted* by ''{7bebb6d3-492e-44f3-8354-27ba983a3837} Infrastructure.Note.
  Replaced ''{a363ef96-7a84-4700-83aa-bd57ed2e5283} Infrastructure.Note *Deleted* by ''{f4b4d092-1bde-4aba-923a-6145788fc3d4} Infrastructure.Note.
  Replaced ''{35c9b1a6-a653-40cd-9da5-7341e91916c4} Infrastructure.Note *Deleted* by ''{6448dc4f-f496-452d-b351-5183862e8cb6} Infrastructure.Note.
  Replaced ''{d52329cd-524f-4b84-8e10-abfc22df65e7} Infrastructure.Note *Deleted* by ''{3034ad0c-9db5-4bc5-b527-7e1fe93b9d70} Infrastructure.Note.
  Replaced ''{778a26af-b3dd-4912-895d-8cdb1e9e4fa4} Infrastructure.Note *Deleted* by ''{1ebfec7a-b50d-40d8-9da4-0d2d4330d630} Infrastructure.Note.
  Replaced ''{6a037c8b-817b-4e6c-86b6-6fb2745ae8bc} Infrastructure.Note *Deleted* by ''{2d4dbe2e-ce7d-4b53-9225-aed7ba767e7f} Infrastructure.Note.
  Replaced ''{06529a0c-9923-4860-9e52-29f928554be4} Infrastructure.Note *Deleted* by ''{d7a85559-f74a-49bb-8bd7-7e58560736e8} Infrastructure.Note.
  Replaced ''{3e83e640-b7db-4cca-8a6e-2056a45cf1bd} Infrastructure.Note *Deleted* by ''{e144795f-c0dc-4dd4-82d3-af3bc7285d10} Infrastructure.Note.
  Replaced ''{b0886f18-fe92-436a-b784-e9805ec73651} Infrastructure.Note *Deleted* by ''{99e1053c-4753-407b-9a53-bdc8586cb592} Infrastructure.Note.
  Replaced ''{36bec1e2-ca04-4b82-9931-9c69ea716fb0} Infrastructure.Note *Deleted* by ''{123f1297-afe8-45a9-8eda-dae669d995d4} Infrastructure.Note.
  Replaced ''{6957fc28-ec2b-4920-b39c-53734701a7bf} Infrastructure.Note *Deleted* by ''{9816c633-6e0f-42af-bc2b-69d3e9791cac} Infrastructure.Note.
  Replaced ''{5f66ccd1-57e6-4f46-a955-088533251b0d} Infrastructure.Note *Deleted* by ''{699f50cb-fad3-4c1b-969f-d791fc34650b} Infrastructure.Note.
  Replaced ''{f45cd814-c66d-49ee-abdf-78f518f42980} Infrastructure.Note *Deleted* by ''{c21de3c0-00b8-4a85-b694-503323d73ee3} Infrastructure.Note.
  Replaced ''{5f57d2ee-6319-40a5-81ee-8b45e014740b} Infrastructure.Note *Deleted* by ''{f1a7f029-cd91-4076-aab9-1b301c93e694} Infrastructure.Note.
  Replaced ''{f4698bf8-c000-4f62-85bd-11b60e15af3f} Infrastructure.Note *Deleted* by ''{5dc8812d-b9b3-404b-9bdd-9ad6899df471} Infrastructure.Note.
  Replaced ''{68402f37-bb59-474b-8f78-b0e58ac92ea9} Infrastructure.Note *Deleted* by ''{0f4f3588-2652-4ddc-8c4f-c4dd181a04e4} Infrastructure.Note.
  Replaced ''{4bcaa99a-bac3-4278-845e-eb48fe2e0889} Infrastructure.Note *Deleted* by ''{c77fd01e-dbc3-43da-8b5a-1c2ef25a48ba} Infrastructure.Note.
  Replaced ''{ac30115a-dd2b-452b-95bd-1fde8d4466c4} Infrastructure.Note *Deleted* by ''{6b7a1b18-0aa4-43e8-8fef-675fe67acd95} Infrastructure.Note.
  Replaced ''{6fc1e518-7b0a-49ec-af49-8232ca01c401} Infrastructure.Note *Deleted* by ''{f0a58f5b-3885-4420-a026-1e7e0d654b70} Infrastructure.Note.
  Replaced ''{60e9ce8f-d30a-4192-b707-a4dbd9dfb0ad} Infrastructure.Note *Deleted* by ''{8b9c8555-1fc8-417c-8d8f-7161303e23d1} Infrastructure.Note.
  Replaced ''{84251d41-91c9-425b-8475-d2e1b9990131} Infrastructure.Note *Deleted* by ''{3e45ec68-ea27-4a6a-a751-acc2fe8894e8} Infrastructure.Note.
  Replaced ''{4260970c-7edf-4003-8686-56c76efaa52f} Infrastructure.Note *Deleted* by ''{5783b22f-1593-40cf-8173-22215248abfd} Infrastructure.Note.
  Replaced ''{54ff8d67-4188-4662-9d13-8f9e247dd7c2} Infrastructure.Note *Deleted* by ''{69c859f4-f491-4cda-942f-a4c1359a790d} Infrastructure.Note.
  Replaced ''{98f44ab4-2958-49ed-a40c-20106fa6f9a1} Infrastructure.Note *Deleted* by ''{dfa8071c-4936-4f2f-ac1c-902a94861161} Infrastructure.Note.
  Replaced ''{458c2a79-0717-42ca-8462-706d45e28259} Infrastructure.Note *Deleted* by ''{cdb4b1c2-7e24-4cad-b729-e4c543691f2f} Infrastructure.Note.
  Replaced ''{79aa21f6-4a16-4ffc-82a7-4255bcb8d447} Infrastructure.Note *Deleted* by ''{d5870f4c-9a46-4e96-9c3e-4b5450a72b13} Infrastructure.Note.
  Replaced ''{77a17433-361b-48df-98c3-f8940d46eda1} Infrastructure.Note *Deleted* by ''{0ef0664f-f635-415d-9701-3cc0f905191a} Infrastructure.Note.
  Replaced ''{83fabf54-038a-42b3-aa22-835fbf30f888} Infrastructure.Note *Deleted* by ''{f8db4f7c-a2a9-4a18-83d3-9f5977748652} Infrastructure.Note.
  Replaced ''{b0c85a7a-eb2b-4c93-8189-abb3bcd4d3a5} Infrastructure.Note *Deleted* by ''{eadea401-2f69-48de-b00b-265d35d5ab97} Infrastructure.Note.
  Replaced ''{d8112849-d353-47bf-adbf-99f88fb4f0a8} Infrastructure.Note *Deleted* by ''{95377a7f-6537-4786-ab20-5538bfcfe687} Infrastructure.Note.
  Replaced ''{baaa547c-1a02-4906-b586-11c71f4c038c} Infrastructure.Note *Deleted* by ''{ca45d61c-920d-4030-b10b-e10d4a89cce2} Infrastructure.Note.
  Replaced ''{c7dfab25-09da-447f-ba96-9d1c563f2ace} Infrastructure.Note *Deleted* by ''{0bd654fe-7ec1-43fd-b16b-ee487402389f} Infrastructure.Note.
  Replaced ''{626e8644-2d51-4628-bda5-ee3290009784} Infrastructure.Note *Deleted* by ''{8a00eaf7-08be-4e5b-abe8-801192364c77} Infrastructure.Note.
  Replaced ''{f1168b39-1655-4217-875c-8d573a169a88} Infrastructure.Note *Deleted* by ''{844a0172-e5e7-4601-a96d-1d6cb9e5ea9e} Infrastructure.Note.
  Replaced ''{bab83a0e-3e0b-46e8-a1fc-e89810c235db} Infrastructure.Note *Deleted* by ''{60145866-8a92-429e-b6e2-43ad377f61fe} Infrastructure.Note.
  Replaced ''{a3d8e694-b7a6-4954-bb96-d634e11e0eb3} Infrastructure.Note *Deleted* by ''{bae05a7a-1643-4c16-8130-84c1a689a5e1} Infrastructure.Note.
  Replaced ''{210e9572-127d-4856-a0e9-17dd18e39d97} Infrastructure.Note *Deleted* by ''{87ed7b53-aed6-472d-b54b-df47ac99c48a} Infrastructure.Note.
  Replaced ''{4b620b26-004a-482c-90ca-60409018f828} Infrastructure.Note *Deleted* by ''{f4b54908-0404-476f-b82a-bccac904ca73} Infrastructure.Note.
  Replaced ''{b63f122b-d922-49c6-bc73-098eb22e22ce} Infrastructure.Note *Deleted* by ''{d122f0e2-f629-4ace-a56a-a5950237a666} Infrastructure.Note.
  Replaced ''{61aad2fe-3ac2-4a43-9038-ce0e1b615dc6} Infrastructure.Note *Deleted* by ''{54c44e89-dd86-4be9-8de9-796b864bbbb7} Infrastructure.Note.
  Replaced ''{b87df54b-73f6-4c52-a747-b1a4515869e2} Infrastructure.Note *Deleted* by ''{c2a19fcc-550d-468b-bb1b-0c1899f72d50} Infrastructure.Note.
  Replaced ''{62f37ef4-ea0a-4f59-b76f-b0ff6057cc41} Infrastructure.Note *Deleted* by ''{d45598a8-d073-44d4-b1ad-7601fb632fb4} Infrastructure.Note.
  Replaced ''{406a4be1-7cc4-41dc-a834-9d84c3829cd4} Infrastructure.Note *Deleted* by ''{85ec7cca-6bdd-4bfb-980e-a344781f5b34} Infrastructure.Note.
  Replaced 'constraint'{faacf770-43ee-43a2-b59c-a306481c6623} Infrastructure.NoteType *Deleted* by 'constraint'{00bc0b8c-0000-251b-0000-000000000000} Infrastructure.NoteType.
  Replaced 'precondition'{4d53ce13-951d-4d77-bdae-bcf1cf760ec4} Infrastructure.NoteType *Deleted* by 'precondition'{00bc0b8c-0000-2515-0000-000000000000} Infrastructure.NoteType.
  Replaced 'exception'{018d9896-bddb-41de-8504-478646bae876} Infrastructure.NoteType *Deleted* by 'exception'{00bc0b8c-0000-2519-0000-000000000000} Infrastructure.NoteType.
  Replaced 'postcondition'{4b6a93c1-b98f-40f4-81a2-d631c8823f79} Infrastructure.NoteType *Deleted* by 'postcondition'{00bc0b8c-0000-2517-0000-000000000000} Infrastructure.NoteType.
  Replaced 'non-functional constraint'{3719eb60-0453-43f2-ba97-85f525ecf35b} Infrastructure.NoteType *Deleted* by 'non-functional constraint'{00bc0c08-0000-242c-0000-000000000000} Infrastructure.NoteType.
  Replaced 'description'{cefcb845-4d1e-4bac-a5ff-287ba3b60b55} Infrastructure.NoteType *Deleted* by 'description'{00000000-0000-3e81-0000-000000000000} Infrastructure.NoteType.
  Replaced 'LocalModule'{b79a7d01-83d9-4cc0-8d8d-e62cafe82ad5} Infrastructure.ModuleComponent *Deleted* by 'LocalModule'{969ade51-95d3-45f7-b942-4f26c2156ec7} Infrastructure.ModuleComponent.
  Replaced 'CORBA_PROJET'{f817ce29-bfdd-4726-990a-54a9de2061a0} Infrastructure.DiagramSet *Deleted* by 'CORBA_PROJET'{dcaa34c3-c815-43bc-a845-c60025659026} Infrastructure.DiagramSet.
  Replaced 'CORBA_PROJET'{7d4648a9-6cbc-4271-9a05-ac2e6d0da872} Analyst.AnalystProject *Deleted* by 'CORBA_PROJET'{38548296-8e37-4f9d-b0c3-dd5d63f9d46b} Analyst.AnalystProject.
  Replaced 'LocalProfile'{f29e55f0-1e0f-4ebf-818a-dc0c63a8c385} Infrastructure.Profile *Deleted* by 'LocalProfile'{437f2abf-497c-4a09-9662-7a0dd5ddadd8} Infrastructure.Profile.
 Migrating diagram content references...
    Diagram metaclasses: [Standard.ActivityDiagram MofSmClass, Standard.StaticDiagram MofSmClass, Infrastructure.ImpactDiagram MofSmClass, Standard.StateMachineDiagram MofSmClass, Standard.SequenceDiagram MofSmClass, Standard.BpmnSubProcessDiagram MofSmClass, Standard.ClassDiagram MofSmClass, Standard.BpmnProcessCollaborationDiagram MofSmClass, Standard.BehaviorDiagram MofSmClass, Standard.CommunicationDiagram MofSmClass, Standard.DeploymentDiagram MofSmClass, Standard.UseCaseDiagram MofSmClass, Standard.CompositeStructureDiagram MofSmClass, Standard.ObjectDiagram MofSmClass]
     Processing 'Interaction1 Sequence diagram'{63836111-d4fc-4c30-a35a-03d108887e0c} Standard.SequenceDiagram ...
     Processing 'Transfert DNS'{e27525da-5574-4a91-8947-40c6b8dac7b2} Standard.SequenceDiagram ...
     Processing 'overview diagram'{7819cb7c-147a-4ef8-a81e-ee5b03a6dc71} Standard.ClassDiagram ...
     Processing 'corba_projet Deployment diagram'{80048369-ec47-446e-874a-72d7290f9ccd} Standard.DeploymentDiagram ...
     Processing 'corba_projet Use Case diagram'{74f9ca9e-d85b-495a-b37c-599a34084cd2} Standard.UseCaseDiagram ...
 Reidentifications done.
  warn: C:\Users\remib\modelio\workspace\CORBA_PROJET\data\fragments\CORBA_PROJET\model\AnalystProject\38548296-8e37-4f9d-b0c3-dd5d63f9d46b.exml: Unknown metaclass for ''CORBA_PROJET' {38548296-8e37-4f9d-b0c3-dd5d63f9d46b} Analyst.AnalystProject'.
  warn: C:\Users\remib\modelio\workspace\CORBA_PROJET\data\fragments\CORBA_PROJET\model\ClassDiagram\7819cb7c-147a-4ef8-a81e-ee5b03a6dc71.exml: metaclass fixed to 'Standard.ClassDiagram' for ''overview diagram' {7819cb7c-147a-4ef8-a81e-ee5b03a6dc71} ClassDiagram'.
  warn: C:\Users\remib\modelio\workspace\CORBA_PROJET\data\fragments\CORBA_PROJET\model\DeploymentDiagram\80048369-ec47-446e-874a-72d7290f9ccd.exml: metaclass fixed to 'Standard.DeploymentDiagram' for ''corba_projet Deployment diagram' {80048369-ec47-446e-874a-72d7290f9ccd} DeploymentDiagram'.
  warn: C:\Users\remib\modelio\workspace\CORBA_PROJET\data\fragments\CORBA_PROJET\model\Interaction\1d38728a-e2db-41ec-9395-8991ef12fe7c.exml: metaclass fixed to 'Standard.Interaction' for ''Interaction' {1d38728a-e2db-41ec-9395-8991ef12fe7c} Interaction'.
  warn: C:\Users\remib\modelio\workspace\CORBA_PROJET\data\fragments\CORBA_PROJET\model\Interaction\8f15c8d9-d781-44ef-8293-4a4820fe280c.exml: metaclass fixed to 'Standard.Interaction' for ''Interaction1' {8f15c8d9-d781-44ef-8293-4a4820fe280c} Interaction'.
  warn: C:\Users\remib\modelio\workspace\CORBA_PROJET\data\fragments\CORBA_PROJET\model\Node\c10d9c4a-c41a-4a47-a032-9ccd2bb27d60.exml: metaclass fixed to 'Standard.Node' for ''Node' {c10d9c4a-c41a-4a47-a032-9ccd2bb27d60} Node'.
  warn: C:\Users\remib\modelio\workspace\CORBA_PROJET\data\fragments\CORBA_PROJET\model\Package\33bd2232-a876-42e5-b02f-5f69b248bb7e.exml: metaclass fixed to 'Standard.Package' for ''corba_projet' {33bd2232-a876-42e5-b02f-5f69b248bb7e} Package'.
  warn: C:\Users\remib\modelio\workspace\CORBA_PROJET\data\fragments\CORBA_PROJET\model\SequenceDiagram\63836111-d4fc-4c30-a35a-03d108887e0c.exml: metaclass fixed to 'Standard.SequenceDiagram' for ''Interaction1 Sequence diagram' {63836111-d4fc-4c30-a35a-03d108887e0c} SequenceDiagram'.
  warn: C:\Users\remib\modelio\workspace\CORBA_PROJET\data\fragments\CORBA_PROJET\model\SequenceDiagram\e27525da-5574-4a91-8947-40c6b8dac7b2.exml: metaclass fixed to 'Standard.SequenceDiagram' for ''Transfert DNS' {e27525da-5574-4a91-8947-40c6b8dac7b2} SequenceDiagram'.
  warn: C:\Users\remib\modelio\workspace\CORBA_PROJET\data\fragments\CORBA_PROJET\model\Standard.ClassDiagram\7819cb7c-147a-4ef8-a81e-ee5b03a6dc71.exml: metaclass fixed to 'Standard.ClassDiagram' for ''overview diagram' {7819cb7c-147a-4ef8-a81e-ee5b03a6dc71} ClassDiagram'.
  warn: C:\Users\remib\modelio\workspace\CORBA_PROJET\data\fragments\CORBA_PROJET\model\Standard.DeploymentDiagram\80048369-ec47-446e-874a-72d7290f9ccd.exml: metaclass fixed to 'Standard.DeploymentDiagram' for ''corba_projet Deployment diagram' {80048369-ec47-446e-874a-72d7290f9ccd} DeploymentDiagram'.
  warn: C:\Users\remib\modelio\workspace\CORBA_PROJET\data\fragments\CORBA_PROJET\model\Standard.Interaction\1d38728a-e2db-41ec-9395-8991ef12fe7c.exml: metaclass fixed to 'Standard.Interaction' for ''Interaction' {1d38728a-e2db-41ec-9395-8991ef12fe7c} Interaction'.
  warn: C:\Users\remib\modelio\workspace\CORBA_PROJET\data\fragments\CORBA_PROJET\model\Standard.Interaction\8f15c8d9-d781-44ef-8293-4a4820fe280c.exml: metaclass fixed to 'Standard.Interaction' for ''Interaction1' {8f15c8d9-d781-44ef-8293-4a4820fe280c} Interaction'.
  warn: C:\Users\remib\modelio\workspace\CORBA_PROJET\data\fragments\CORBA_PROJET\model\Standard.Node\c10d9c4a-c41a-4a47-a032-9ccd2bb27d60.exml: metaclass fixed to 'Standard.Node' for ''Node' {c10d9c4a-c41a-4a47-a032-9ccd2bb27d60} Node'.
  warn: C:\Users\remib\modelio\workspace\CORBA_PROJET\data\fragments\CORBA_PROJET\model\Standard.Package\33bd2232-a876-42e5-b02f-5f69b248bb7e.exml: metaclass fixed to 'Standard.Package' for ''corba_projet' {33bd2232-a876-42e5-b02f-5f69b248bb7e} Package'.
  warn: C:\Users\remib\modelio\workspace\CORBA_PROJET\data\fragments\CORBA_PROJET\model\Standard.SequenceDiagram\63836111-d4fc-4c30-a35a-03d108887e0c.exml: metaclass fixed to 'Standard.SequenceDiagram' for ''Interaction1 Sequence diagram' {63836111-d4fc-4c30-a35a-03d108887e0c} SequenceDiagram'.
  warn: C:\Users\remib\modelio\workspace\CORBA_PROJET\data\fragments\CORBA_PROJET\model\Standard.SequenceDiagram\e27525da-5574-4a91-8947-40c6b8dac7b2.exml: metaclass fixed to 'Standard.SequenceDiagram' for ''Transfert DNS' {e27525da-5574-4a91-8947-40c6b8dac7b2} SequenceDiagram'.
  warn: C:\Users\remib\modelio\workspace\CORBA_PROJET\data\fragments\CORBA_PROJET\model\UseCaseDiagram\74f9ca9e-d85b-495a-b37c-599a34084cd2.exml: metaclass fixed to 'Standard.UseCaseDiagram' for ''corba_projet Use Case diagram' {74f9ca9e-d85b-495a-b37c-599a34084cd2} UseCaseDiagram'.
'CORBA_PROJET' migration sucessful.
Archiving 'CORBA_PROJET' model backup to 'C:\Users\remib\modelio\workspace\CORBA_PROJET\.runtime\fragments\CORBA_PROJET\migration_archive' ...
